2024-08-28 09:28:47 DEBUG InternalLoggerFactory:76 - Using Log4J2 as the default logging framework
2024-08-28 09:28:47 DEBUG ResourceLeakDetector:129 - -Dio.netty.leakDetection.level: simple
2024-08-28 09:28:47 DEBUG ResourceLeakDetector:130 - -Dio.netty.leakDetection.targetRecords: 4
2024-08-28 09:28:47 DEBUG ResourceLeakDetectorFactory:196 - Loaded default ResourceLeakDetector: io.netty.util.ResourceLeakDetector@72209d93
2024-08-28 09:28:47 DEBUG PlatformDependent0:497 - -Dio.netty.noUnsafe: false
2024-08-28 09:28:47 DEBUG PlatformDependent0:1001 - Java version: 18
2024-08-28 09:28:47 DEBUG PlatformDependent0:137 - sun.misc.Unsafe.theUnsafe: available
2024-08-28 09:28:47 DEBUG PlatformDependent0:161 - sun.misc.Unsafe.copyMemory: available
2024-08-28 09:28:47 DEBUG PlatformDependent0:193 - sun.misc.Unsafe.storeFence: available
2024-08-28 09:28:47 DEBUG PlatformDependent0:236 - java.nio.Buffer.address: available
2024-08-28 09:28:47 DEBUG PlatformDependent0:321 - direct buffer constructor: unavailable: Reflective setAccessible(true) disabled
2024-08-28 09:28:47 DEBUG PlatformDependent0:386 - java.nio.Bits.unaligned: available, true
2024-08-28 09:28:47 DEBUG PlatformDependent0:453 - jdk.internal.misc.Unsafe.allocateUninitializedArray(int): unavailable: class io.netty.util.internal.PlatformDependent0$7 cannot access class jdk.internal.misc.Unsafe (in module java.base) because module java.base does not export jdk.internal.misc to unnamed module @6477463f
2024-08-28 09:28:47 DEBUG PlatformDependent0:483 - java.nio.DirectByteBuffer.<init>(long, {int,long}): unavailable
2024-08-28 09:28:47 DEBUG PlatformDependent:1159 - sun.misc.Unsafe: available
2024-08-28 09:28:47 DEBUG PlatformDependent:1270 - maxDirectMemory: 3193962496 bytes (maybe)
2024-08-28 09:28:47 DEBUG PlatformDependent:1289 - -Dio.netty.tmpdir: C:\Users\Admin\AppData\Local\Temp (java.io.tmpdir)
2024-08-28 09:28:47 DEBUG PlatformDependent:1368 - -Dio.netty.bitMode: 64 (sun.arch.data.model)
2024-08-28 09:28:47 DEBUG PlatformDependent:1119 - Platform: Windows
2024-08-28 09:28:47 DEBUG PlatformDependent:178 - -Dio.netty.maxDirectMemory: -1 bytes
2024-08-28 09:28:47 DEBUG PlatformDependent:185 - -Dio.netty.uninitializedArrayAllocationThreshold: -1
2024-08-28 09:28:47 DEBUG CleanerJava9:71 - java.nio.ByteBuffer.cleaner(): available
2024-08-28 09:28:47 DEBUG PlatformDependent:205 - -Dio.netty.noPreferDirect: false
2024-08-28 09:28:47 DEBUG PlatformDependent:1010 - org.jctools-core.MpscChunkedArrayQueue: available
2024-08-28 09:28:47 DEBUG InternalThreadLocalMap:100 - -Dio.netty.threadLocalMap.stringBuilder.initialSize: 1024
2024-08-28 09:28:47 DEBUG InternalThreadLocalMap:101 - -Dio.netty.threadLocalMap.stringBuilder.maxSize: 4096
2024-08-28 09:28:48 DEBUG JdkSslContext:83 - Default protocols (JDK): [TLSv1.3, TLSv1.2] 
2024-08-28 09:28:48 DEBUG JdkSslContext:84 - Default cipher suites (JDK): [TLS_ECDHE_ECDSA_WITH_AES_256_GCM_SHA384, TLS_ECDHE_ECDSA_WITH_AES_128_GCM_SHA256, TLS_ECDHE_RSA_WITH_AES_128_GCM_SHA256, TLS_ECDHE_RSA_WITH_AES_256_GCM_SHA384, TLS_ECDHE_RSA_WITH_AES_128_CBC_SHA, TLS_ECDHE_RSA_WITH_AES_256_CBC_SHA, TLS_RSA_WITH_AES_128_GCM_SHA256, TLS_RSA_WITH_AES_128_CBC_SHA, TLS_RSA_WITH_AES_256_CBC_SHA, TLS_AES_128_GCM_SHA256, TLS_AES_256_GCM_SHA384]
2024-08-28 09:28:48 DEBUG GlobalEventExecutor:53 - -Dio.netty.globalEventExecutor.quietPeriodSeconds: 1
2024-08-28 09:28:48 DEBUG MultithreadEventLoopGroup:44 - -Dio.netty.eventLoopThreads: 8
2024-08-28 09:28:48 DEBUG NioEventLoop:110 - -Dio.netty.noKeySetOptimization: false
2024-08-28 09:28:48 DEBUG NioEventLoop:111 - -Dio.netty.selectorAutoRebuildThreshold: 512
2024-08-28 09:28:48 DEBUG PooledByteBufAllocator:157 - -Dio.netty.allocator.numHeapArenas: 8
2024-08-28 09:28:48 DEBUG PooledByteBufAllocator:158 - -Dio.netty.allocator.numDirectArenas: 8
2024-08-28 09:28:48 DEBUG PooledByteBufAllocator:160 - -Dio.netty.allocator.pageSize: 8192
2024-08-28 09:28:48 DEBUG PooledByteBufAllocator:165 - -Dio.netty.allocator.maxOrder: 9
2024-08-28 09:28:48 DEBUG PooledByteBufAllocator:169 - -Dio.netty.allocator.chunkSize: 4194304
2024-08-28 09:28:48 DEBUG PooledByteBufAllocator:170 - -Dio.netty.allocator.smallCacheSize: 256
2024-08-28 09:28:48 DEBUG PooledByteBufAllocator:171 - -Dio.netty.allocator.normalCacheSize: 64
2024-08-28 09:28:48 DEBUG PooledByteBufAllocator:172 - -Dio.netty.allocator.maxCachedBufferCapacity: 32768
2024-08-28 09:28:48 DEBUG PooledByteBufAllocator:173 - -Dio.netty.allocator.cacheTrimInterval: 8192
2024-08-28 09:28:48 DEBUG PooledByteBufAllocator:174 - -Dio.netty.allocator.cacheTrimIntervalMillis: 0
2024-08-28 09:28:48 DEBUG PooledByteBufAllocator:175 - -Dio.netty.allocator.useCacheForAllThreads: false
2024-08-28 09:28:48 DEBUG PooledByteBufAllocator:176 - -Dio.netty.allocator.maxCachedByteBuffersPerChunk: 1023
2024-08-28 09:28:48 DEBUG ByteBufUtil:89 - -Dio.netty.allocator.type: pooled
2024-08-28 09:28:48 DEBUG ByteBufUtil:98 - -Dio.netty.threadLocalDirectBufferSize: 0
2024-08-28 09:28:48 DEBUG ByteBufUtil:101 - -Dio.netty.maxThreadLocalCharBufferSize: 16384
2024-08-28 09:28:49 DEBUG DefaultChannelId:79 - -Dio.netty.processId: 20272 (auto-detected)
2024-08-28 09:28:49 DEBUG NetUtil:148 - -Djava.net.preferIPv4Stack: false
2024-08-28 09:28:49 DEBUG NetUtil:149 - -Djava.net.preferIPv6Addresses: false
2024-08-28 09:28:49 DEBUG NetUtilInitializations:145 - Loopback interface: lo (Software Loopback Interface 1, 127.0.0.1)
2024-08-28 09:28:49 DEBUG NetUtil:206 - Failed to get SOMAXCONN from sysctl and file \proc\sys\net\core\somaxconn. Default: 200
2024-08-28 09:28:49 DEBUG DefaultChannelId:101 - -Dio.netty.machineId: 74:70:fd:ff:fe:e3:6e:9e (auto-detected)
2024-08-28 09:28:49 DEBUG AbstractByteBuf:63 - -Dio.netty.buffer.checkAccessible: true
2024-08-28 09:28:49 DEBUG AbstractByteBuf:64 - -Dio.netty.buffer.checkBounds: true
2024-08-28 09:28:49 DEBUG ResourceLeakDetectorFactory:196 - Loaded default ResourceLeakDetector: io.netty.util.ResourceLeakDetector@6b2bbe17
2024-08-28 09:28:49 DEBUG Recycler:96 - -Dio.netty.recycler.maxCapacityPerThread: 4096
2024-08-28 09:28:49 DEBUG Recycler:97 - -Dio.netty.recycler.ratio: 8
2024-08-28 09:28:49 DEBUG Recycler:98 - -Dio.netty.recycler.chunkSize: 32
2024-08-28 09:28:49 DEBUG Recycler:99 - -Dio.netty.recycler.blocking: false
2024-08-28 09:28:49 DEBUG Recycler:100 - -Dio.netty.recycler.batchFastThreadLocalOnly: true
2024-08-28 09:28:50 DEBUG Brotli:38 - brotli4j not in the classpath; Brotli support will be unavailable.
2024-08-28 09:28:51 DEBUG ThreadLocalRandom:214 - -Dio.netty.initialSeedUniquifier: 0x8dbbccb7a849e596
2024-08-28 09:29:05 INFO  Login_Page:14 - ***TC_001_AccountRegistrationTest***
2024-08-28 09:29:05 INFO  Login_Page:18 - logging in to wensite
2024-08-28 09:29:07 INFO  Login_Page:29 - finish
2024-08-28 15:55:19 DEBUG InternalLoggerFactory:76 - Using Log4J2 as the default logging framework
2024-08-28 15:55:19 DEBUG ResourceLeakDetector:129 - -Dio.netty.leakDetection.level: simple
2024-08-28 15:55:19 DEBUG ResourceLeakDetector:130 - -Dio.netty.leakDetection.targetRecords: 4
2024-08-28 15:55:19 DEBUG ResourceLeakDetectorFactory:196 - Loaded default ResourceLeakDetector: io.netty.util.ResourceLeakDetector@4aac85fa
2024-08-28 15:55:19 DEBUG PlatformDependent0:497 - -Dio.netty.noUnsafe: false
2024-08-28 15:55:19 DEBUG PlatformDependent0:1001 - Java version: 18
2024-08-28 15:55:19 DEBUG PlatformDependent0:137 - sun.misc.Unsafe.theUnsafe: available
2024-08-28 15:55:19 DEBUG PlatformDependent0:161 - sun.misc.Unsafe.copyMemory: available
2024-08-28 15:55:19 DEBUG PlatformDependent0:193 - sun.misc.Unsafe.storeFence: available
2024-08-28 15:55:19 DEBUG PlatformDependent0:236 - java.nio.Buffer.address: available
2024-08-28 15:55:19 DEBUG PlatformDependent0:321 - direct buffer constructor: unavailable: Reflective setAccessible(true) disabled
2024-08-28 15:55:19 DEBUG PlatformDependent0:386 - java.nio.Bits.unaligned: available, true
2024-08-28 15:55:19 DEBUG PlatformDependent0:453 - jdk.internal.misc.Unsafe.allocateUninitializedArray(int): unavailable: class io.netty.util.internal.PlatformDependent0$7 cannot access class jdk.internal.misc.Unsafe (in module java.base) because module java.base does not export jdk.internal.misc to unnamed module @6477463f
2024-08-28 15:55:19 DEBUG PlatformDependent0:483 - java.nio.DirectByteBuffer.<init>(long, {int,long}): unavailable
2024-08-28 15:55:19 DEBUG PlatformDependent:1159 - sun.misc.Unsafe: available
2024-08-28 15:55:19 DEBUG PlatformDependent:1270 - maxDirectMemory: 3193962496 bytes (maybe)
2024-08-28 15:55:19 DEBUG PlatformDependent:1289 - -Dio.netty.tmpdir: C:\Users\Admin\AppData\Local\Temp (java.io.tmpdir)
2024-08-28 15:55:19 DEBUG PlatformDependent:1368 - -Dio.netty.bitMode: 64 (sun.arch.data.model)
2024-08-28 15:55:19 DEBUG PlatformDependent:1119 - Platform: Windows
2024-08-28 15:55:19 DEBUG PlatformDependent:178 - -Dio.netty.maxDirectMemory: -1 bytes
2024-08-28 15:55:19 DEBUG PlatformDependent:185 - -Dio.netty.uninitializedArrayAllocationThreshold: -1
2024-08-28 15:55:19 DEBUG CleanerJava9:71 - java.nio.ByteBuffer.cleaner(): available
2024-08-28 15:55:19 DEBUG PlatformDependent:205 - -Dio.netty.noPreferDirect: false
2024-08-28 15:55:19 DEBUG PlatformDependent:1010 - org.jctools-core.MpscChunkedArrayQueue: available
2024-08-28 15:55:19 DEBUG InternalThreadLocalMap:100 - -Dio.netty.threadLocalMap.stringBuilder.initialSize: 1024
2024-08-28 15:55:19 DEBUG InternalThreadLocalMap:101 - -Dio.netty.threadLocalMap.stringBuilder.maxSize: 4096
2024-08-28 15:55:19 DEBUG JdkSslContext:83 - Default protocols (JDK): [TLSv1.3, TLSv1.2] 
2024-08-28 15:55:19 DEBUG JdkSslContext:84 - Default cipher suites (JDK): [TLS_ECDHE_ECDSA_WITH_AES_256_GCM_SHA384, TLS_ECDHE_ECDSA_WITH_AES_128_GCM_SHA256, TLS_ECDHE_RSA_WITH_AES_128_GCM_SHA256, TLS_ECDHE_RSA_WITH_AES_256_GCM_SHA384, TLS_ECDHE_RSA_WITH_AES_128_CBC_SHA, TLS_ECDHE_RSA_WITH_AES_256_CBC_SHA, TLS_RSA_WITH_AES_128_GCM_SHA256, TLS_RSA_WITH_AES_128_CBC_SHA, TLS_RSA_WITH_AES_256_CBC_SHA, TLS_AES_128_GCM_SHA256, TLS_AES_256_GCM_SHA384]
2024-08-28 15:55:19 DEBUG GlobalEventExecutor:53 - -Dio.netty.globalEventExecutor.quietPeriodSeconds: 1
2024-08-28 15:55:19 DEBUG MultithreadEventLoopGroup:44 - -Dio.netty.eventLoopThreads: 8
2024-08-28 15:55:20 DEBUG NioEventLoop:110 - -Dio.netty.noKeySetOptimization: false
2024-08-28 15:55:20 DEBUG NioEventLoop:111 - -Dio.netty.selectorAutoRebuildThreshold: 512
2024-08-28 15:55:20 DEBUG PooledByteBufAllocator:157 - -Dio.netty.allocator.numHeapArenas: 8
2024-08-28 15:55:20 DEBUG PooledByteBufAllocator:158 - -Dio.netty.allocator.numDirectArenas: 8
2024-08-28 15:55:20 DEBUG PooledByteBufAllocator:160 - -Dio.netty.allocator.pageSize: 8192
2024-08-28 15:55:20 DEBUG PooledByteBufAllocator:165 - -Dio.netty.allocator.maxOrder: 9
2024-08-28 15:55:20 DEBUG PooledByteBufAllocator:169 - -Dio.netty.allocator.chunkSize: 4194304
2024-08-28 15:55:20 DEBUG PooledByteBufAllocator:170 - -Dio.netty.allocator.smallCacheSize: 256
2024-08-28 15:55:20 DEBUG PooledByteBufAllocator:171 - -Dio.netty.allocator.normalCacheSize: 64
2024-08-28 15:55:20 DEBUG PooledByteBufAllocator:172 - -Dio.netty.allocator.maxCachedBufferCapacity: 32768
2024-08-28 15:55:20 DEBUG PooledByteBufAllocator:173 - -Dio.netty.allocator.cacheTrimInterval: 8192
2024-08-28 15:55:20 DEBUG PooledByteBufAllocator:174 - -Dio.netty.allocator.cacheTrimIntervalMillis: 0
2024-08-28 15:55:20 DEBUG PooledByteBufAllocator:175 - -Dio.netty.allocator.useCacheForAllThreads: false
2024-08-28 15:55:20 DEBUG PooledByteBufAllocator:176 - -Dio.netty.allocator.maxCachedByteBuffersPerChunk: 1023
2024-08-28 15:55:20 DEBUG ByteBufUtil:89 - -Dio.netty.allocator.type: pooled
2024-08-28 15:55:20 DEBUG ByteBufUtil:98 - -Dio.netty.threadLocalDirectBufferSize: 0
2024-08-28 15:55:20 DEBUG ByteBufUtil:101 - -Dio.netty.maxThreadLocalCharBufferSize: 16384
2024-08-28 15:55:20 DEBUG DefaultChannelId:79 - -Dio.netty.processId: 15100 (auto-detected)
2024-08-28 15:55:20 DEBUG NetUtil:148 - -Djava.net.preferIPv4Stack: false
2024-08-28 15:55:20 DEBUG NetUtil:149 - -Djava.net.preferIPv6Addresses: false
2024-08-28 15:55:20 DEBUG NetUtilInitializations:145 - Loopback interface: lo (Software Loopback Interface 1, 127.0.0.1)
2024-08-28 15:55:20 DEBUG NetUtil:206 - Failed to get SOMAXCONN from sysctl and file \proc\sys\net\core\somaxconn. Default: 200
2024-08-28 15:55:20 DEBUG DefaultChannelId:101 - -Dio.netty.machineId: 74:70:fd:ff:fe:e3:6e:9e (auto-detected)
2024-08-28 15:55:20 DEBUG AbstractByteBuf:63 - -Dio.netty.buffer.checkAccessible: true
2024-08-28 15:55:20 DEBUG AbstractByteBuf:64 - -Dio.netty.buffer.checkBounds: true
2024-08-28 15:55:20 DEBUG ResourceLeakDetectorFactory:196 - Loaded default ResourceLeakDetector: io.netty.util.ResourceLeakDetector@514f1825
2024-08-28 15:55:20 DEBUG Recycler:96 - -Dio.netty.recycler.maxCapacityPerThread: 4096
2024-08-28 15:55:20 DEBUG Recycler:97 - -Dio.netty.recycler.ratio: 8
2024-08-28 15:55:20 DEBUG Recycler:98 - -Dio.netty.recycler.chunkSize: 32
2024-08-28 15:55:20 DEBUG Recycler:99 - -Dio.netty.recycler.blocking: false
2024-08-28 15:55:20 DEBUG Recycler:100 - -Dio.netty.recycler.batchFastThreadLocalOnly: true
2024-08-28 15:55:21 DEBUG Brotli:38 - brotli4j not in the classpath; Brotli support will be unavailable.
2024-08-28 15:55:21 DEBUG ThreadLocalRandom:214 - -Dio.netty.initialSeedUniquifier: 0x6f2e6a0d97f3ba1d
2024-08-28 15:55:28 INFO  Login_Page:14 - ***TC_001_AccountRegistrationTest***
2024-08-28 15:55:28 INFO  Login_Page:18 - logging in to wensite
2024-08-28 15:55:30 INFO  Login_Page:29 - finish
2024-08-28 15:56:48 DEBUG InternalLoggerFactory:76 - Using Log4J2 as the default logging framework
2024-08-28 15:56:48 DEBUG ResourceLeakDetector:129 - -Dio.netty.leakDetection.level: simple
2024-08-28 15:56:48 DEBUG ResourceLeakDetector:130 - -Dio.netty.leakDetection.targetRecords: 4
2024-08-28 15:56:48 DEBUG ResourceLeakDetectorFactory:196 - Loaded default ResourceLeakDetector: io.netty.util.ResourceLeakDetector@22fba58c
2024-08-28 15:56:48 DEBUG PlatformDependent0:497 - -Dio.netty.noUnsafe: false
2024-08-28 15:56:48 DEBUG PlatformDependent0:1001 - Java version: 18
2024-08-28 15:56:48 DEBUG PlatformDependent0:137 - sun.misc.Unsafe.theUnsafe: available
2024-08-28 15:56:48 DEBUG PlatformDependent0:161 - sun.misc.Unsafe.copyMemory: available
2024-08-28 15:56:48 DEBUG PlatformDependent0:193 - sun.misc.Unsafe.storeFence: available
2024-08-28 15:56:48 DEBUG PlatformDependent0:236 - java.nio.Buffer.address: available
2024-08-28 15:56:48 DEBUG PlatformDependent0:321 - direct buffer constructor: unavailable: Reflective setAccessible(true) disabled
2024-08-28 15:56:48 DEBUG PlatformDependent0:386 - java.nio.Bits.unaligned: available, true
2024-08-28 15:56:48 DEBUG PlatformDependent0:453 - jdk.internal.misc.Unsafe.allocateUninitializedArray(int): unavailable: class io.netty.util.internal.PlatformDependent0$7 cannot access class jdk.internal.misc.Unsafe (in module java.base) because module java.base does not export jdk.internal.misc to unnamed module @6477463f
2024-08-28 15:56:48 DEBUG PlatformDependent0:483 - java.nio.DirectByteBuffer.<init>(long, {int,long}): unavailable
2024-08-28 15:56:48 DEBUG PlatformDependent:1159 - sun.misc.Unsafe: available
2024-08-28 15:56:48 DEBUG PlatformDependent:1270 - maxDirectMemory: 3193962496 bytes (maybe)
2024-08-28 15:56:48 DEBUG PlatformDependent:1289 - -Dio.netty.tmpdir: C:\Users\Admin\AppData\Local\Temp (java.io.tmpdir)
2024-08-28 15:56:48 DEBUG PlatformDependent:1368 - -Dio.netty.bitMode: 64 (sun.arch.data.model)
2024-08-28 15:56:48 DEBUG PlatformDependent:1119 - Platform: Windows
2024-08-28 15:56:48 DEBUG PlatformDependent:178 - -Dio.netty.maxDirectMemory: -1 bytes
2024-08-28 15:56:48 DEBUG PlatformDependent:185 - -Dio.netty.uninitializedArrayAllocationThreshold: -1
2024-08-28 15:56:48 DEBUG CleanerJava9:71 - java.nio.ByteBuffer.cleaner(): available
2024-08-28 15:56:48 DEBUG PlatformDependent:205 - -Dio.netty.noPreferDirect: false
2024-08-28 15:56:48 DEBUG PlatformDependent:1010 - org.jctools-core.MpscChunkedArrayQueue: available
2024-08-28 15:56:48 DEBUG InternalThreadLocalMap:100 - -Dio.netty.threadLocalMap.stringBuilder.initialSize: 1024
2024-08-28 15:56:48 DEBUG InternalThreadLocalMap:101 - -Dio.netty.threadLocalMap.stringBuilder.maxSize: 4096
2024-08-28 15:56:48 DEBUG JdkSslContext:83 - Default protocols (JDK): [TLSv1.3, TLSv1.2] 
2024-08-28 15:56:48 DEBUG JdkSslContext:84 - Default cipher suites (JDK): [TLS_ECDHE_ECDSA_WITH_AES_256_GCM_SHA384, TLS_ECDHE_ECDSA_WITH_AES_128_GCM_SHA256, TLS_ECDHE_RSA_WITH_AES_128_GCM_SHA256, TLS_ECDHE_RSA_WITH_AES_256_GCM_SHA384, TLS_ECDHE_RSA_WITH_AES_128_CBC_SHA, TLS_ECDHE_RSA_WITH_AES_256_CBC_SHA, TLS_RSA_WITH_AES_128_GCM_SHA256, TLS_RSA_WITH_AES_128_CBC_SHA, TLS_RSA_WITH_AES_256_CBC_SHA, TLS_AES_128_GCM_SHA256, TLS_AES_256_GCM_SHA384]
2024-08-28 15:56:48 DEBUG GlobalEventExecutor:53 - -Dio.netty.globalEventExecutor.quietPeriodSeconds: 1
2024-08-28 15:56:48 DEBUG MultithreadEventLoopGroup:44 - -Dio.netty.eventLoopThreads: 8
2024-08-28 15:56:48 DEBUG NioEventLoop:110 - -Dio.netty.noKeySetOptimization: false
2024-08-28 15:56:48 DEBUG NioEventLoop:111 - -Dio.netty.selectorAutoRebuildThreshold: 512
2024-08-28 15:56:48 DEBUG PooledByteBufAllocator:157 - -Dio.netty.allocator.numHeapArenas: 8
2024-08-28 15:56:48 DEBUG PooledByteBufAllocator:158 - -Dio.netty.allocator.numDirectArenas: 8
2024-08-28 15:56:48 DEBUG PooledByteBufAllocator:160 - -Dio.netty.allocator.pageSize: 8192
2024-08-28 15:56:48 DEBUG PooledByteBufAllocator:165 - -Dio.netty.allocator.maxOrder: 9
2024-08-28 15:56:48 DEBUG PooledByteBufAllocator:169 - -Dio.netty.allocator.chunkSize: 4194304
2024-08-28 15:56:48 DEBUG PooledByteBufAllocator:170 - -Dio.netty.allocator.smallCacheSize: 256
2024-08-28 15:56:48 DEBUG PooledByteBufAllocator:171 - -Dio.netty.allocator.normalCacheSize: 64
2024-08-28 15:56:48 DEBUG PooledByteBufAllocator:172 - -Dio.netty.allocator.maxCachedBufferCapacity: 32768
2024-08-28 15:56:48 DEBUG PooledByteBufAllocator:173 - -Dio.netty.allocator.cacheTrimInterval: 8192
2024-08-28 15:56:48 DEBUG PooledByteBufAllocator:174 - -Dio.netty.allocator.cacheTrimIntervalMillis: 0
2024-08-28 15:56:48 DEBUG PooledByteBufAllocator:175 - -Dio.netty.allocator.useCacheForAllThreads: false
2024-08-28 15:56:48 DEBUG PooledByteBufAllocator:176 - -Dio.netty.allocator.maxCachedByteBuffersPerChunk: 1023
2024-08-28 15:56:48 DEBUG ByteBufUtil:89 - -Dio.netty.allocator.type: pooled
2024-08-28 15:56:48 DEBUG ByteBufUtil:98 - -Dio.netty.threadLocalDirectBufferSize: 0
2024-08-28 15:56:48 DEBUG ByteBufUtil:101 - -Dio.netty.maxThreadLocalCharBufferSize: 16384
2024-08-28 15:56:48 DEBUG DefaultChannelId:79 - -Dio.netty.processId: 14592 (auto-detected)
2024-08-28 15:56:48 DEBUG NetUtil:148 - -Djava.net.preferIPv4Stack: false
2024-08-28 15:56:48 DEBUG NetUtil:149 - -Djava.net.preferIPv6Addresses: false
2024-08-28 15:56:48 DEBUG NetUtilInitializations:145 - Loopback interface: lo (Software Loopback Interface 1, 127.0.0.1)
2024-08-28 15:56:48 DEBUG NetUtil:206 - Failed to get SOMAXCONN from sysctl and file \proc\sys\net\core\somaxconn. Default: 200
2024-08-28 15:56:48 DEBUG DefaultChannelId:101 - -Dio.netty.machineId: 74:70:fd:ff:fe:e3:6e:9e (auto-detected)
2024-08-28 15:56:49 DEBUG AbstractByteBuf:63 - -Dio.netty.buffer.checkAccessible: true
2024-08-28 15:56:49 DEBUG AbstractByteBuf:64 - -Dio.netty.buffer.checkBounds: true
2024-08-28 15:56:49 DEBUG ResourceLeakDetectorFactory:196 - Loaded default ResourceLeakDetector: io.netty.util.ResourceLeakDetector@280fb710
2024-08-28 15:56:49 DEBUG Recycler:96 - -Dio.netty.recycler.maxCapacityPerThread: 4096
2024-08-28 15:56:49 DEBUG Recycler:97 - -Dio.netty.recycler.ratio: 8
2024-08-28 15:56:49 DEBUG Recycler:98 - -Dio.netty.recycler.chunkSize: 32
2024-08-28 15:56:49 DEBUG Recycler:99 - -Dio.netty.recycler.blocking: false
2024-08-28 15:56:49 DEBUG Recycler:100 - -Dio.netty.recycler.batchFastThreadLocalOnly: true
2024-08-28 15:56:50 DEBUG Brotli:38 - brotli4j not in the classpath; Brotli support will be unavailable.
2024-08-28 15:56:50 DEBUG ThreadLocalRandom:214 - -Dio.netty.initialSeedUniquifier: 0x4a61347414cc0108
2024-08-28 15:56:56 INFO  Login_Page:14 - ***TC_001_AccountRegistrationTest***
2024-08-28 15:56:56 INFO  Login_Page:18 - logging in to wensite
2024-08-28 15:56:58 INFO  Login_Page:29 - finish
2024-08-28 15:59:11 DEBUG InternalLoggerFactory:76 - Using Log4J2 as the default logging framework
2024-08-28 15:59:11 DEBUG ResourceLeakDetector:129 - -Dio.netty.leakDetection.level: simple
2024-08-28 15:59:11 DEBUG ResourceLeakDetector:130 - -Dio.netty.leakDetection.targetRecords: 4
2024-08-28 15:59:11 DEBUG ResourceLeakDetectorFactory:196 - Loaded default ResourceLeakDetector: io.netty.util.ResourceLeakDetector@22fba58c
2024-08-28 15:59:11 DEBUG PlatformDependent0:497 - -Dio.netty.noUnsafe: false
2024-08-28 15:59:11 DEBUG PlatformDependent0:1001 - Java version: 18
2024-08-28 15:59:11 DEBUG PlatformDependent0:137 - sun.misc.Unsafe.theUnsafe: available
2024-08-28 15:59:11 DEBUG PlatformDependent0:161 - sun.misc.Unsafe.copyMemory: available
2024-08-28 15:59:11 DEBUG PlatformDependent0:193 - sun.misc.Unsafe.storeFence: available
2024-08-28 15:59:11 DEBUG PlatformDependent0:236 - java.nio.Buffer.address: available
2024-08-28 15:59:11 DEBUG PlatformDependent0:321 - direct buffer constructor: unavailable: Reflective setAccessible(true) disabled
2024-08-28 15:59:11 DEBUG PlatformDependent0:386 - java.nio.Bits.unaligned: available, true
2024-08-28 15:59:11 DEBUG PlatformDependent0:453 - jdk.internal.misc.Unsafe.allocateUninitializedArray(int): unavailable: class io.netty.util.internal.PlatformDependent0$7 cannot access class jdk.internal.misc.Unsafe (in module java.base) because module java.base does not export jdk.internal.misc to unnamed module @6477463f
2024-08-28 15:59:11 DEBUG PlatformDependent0:483 - java.nio.DirectByteBuffer.<init>(long, {int,long}): unavailable
2024-08-28 15:59:11 DEBUG PlatformDependent:1159 - sun.misc.Unsafe: available
2024-08-28 15:59:11 DEBUG PlatformDependent:1270 - maxDirectMemory: 3193962496 bytes (maybe)
2024-08-28 15:59:11 DEBUG PlatformDependent:1289 - -Dio.netty.tmpdir: C:\Users\Admin\AppData\Local\Temp (java.io.tmpdir)
2024-08-28 15:59:11 DEBUG PlatformDependent:1368 - -Dio.netty.bitMode: 64 (sun.arch.data.model)
2024-08-28 15:59:11 DEBUG PlatformDependent:1119 - Platform: Windows
2024-08-28 15:59:11 DEBUG PlatformDependent:178 - -Dio.netty.maxDirectMemory: -1 bytes
2024-08-28 15:59:11 DEBUG PlatformDependent:185 - -Dio.netty.uninitializedArrayAllocationThreshold: -1
2024-08-28 15:59:11 DEBUG CleanerJava9:71 - java.nio.ByteBuffer.cleaner(): available
2024-08-28 15:59:11 DEBUG PlatformDependent:205 - -Dio.netty.noPreferDirect: false
2024-08-28 15:59:11 DEBUG PlatformDependent:1010 - org.jctools-core.MpscChunkedArrayQueue: available
2024-08-28 15:59:11 DEBUG InternalThreadLocalMap:100 - -Dio.netty.threadLocalMap.stringBuilder.initialSize: 1024
2024-08-28 15:59:11 DEBUG InternalThreadLocalMap:101 - -Dio.netty.threadLocalMap.stringBuilder.maxSize: 4096
2024-08-28 15:59:11 DEBUG JdkSslContext:83 - Default protocols (JDK): [TLSv1.3, TLSv1.2] 
2024-08-28 15:59:11 DEBUG JdkSslContext:84 - Default cipher suites (JDK): [TLS_ECDHE_ECDSA_WITH_AES_256_GCM_SHA384, TLS_ECDHE_ECDSA_WITH_AES_128_GCM_SHA256, TLS_ECDHE_RSA_WITH_AES_128_GCM_SHA256, TLS_ECDHE_RSA_WITH_AES_256_GCM_SHA384, TLS_ECDHE_RSA_WITH_AES_128_CBC_SHA, TLS_ECDHE_RSA_WITH_AES_256_CBC_SHA, TLS_RSA_WITH_AES_128_GCM_SHA256, TLS_RSA_WITH_AES_128_CBC_SHA, TLS_RSA_WITH_AES_256_CBC_SHA, TLS_AES_128_GCM_SHA256, TLS_AES_256_GCM_SHA384]
2024-08-28 15:59:11 DEBUG GlobalEventExecutor:53 - -Dio.netty.globalEventExecutor.quietPeriodSeconds: 1
2024-08-28 15:59:11 DEBUG MultithreadEventLoopGroup:44 - -Dio.netty.eventLoopThreads: 8
2024-08-28 15:59:11 DEBUG NioEventLoop:110 - -Dio.netty.noKeySetOptimization: false
2024-08-28 15:59:11 DEBUG NioEventLoop:111 - -Dio.netty.selectorAutoRebuildThreshold: 512
2024-08-28 15:59:11 DEBUG PooledByteBufAllocator:157 - -Dio.netty.allocator.numHeapArenas: 8
2024-08-28 15:59:11 DEBUG PooledByteBufAllocator:158 - -Dio.netty.allocator.numDirectArenas: 8
2024-08-28 15:59:11 DEBUG PooledByteBufAllocator:160 - -Dio.netty.allocator.pageSize: 8192
2024-08-28 15:59:11 DEBUG PooledByteBufAllocator:165 - -Dio.netty.allocator.maxOrder: 9
2024-08-28 15:59:11 DEBUG PooledByteBufAllocator:169 - -Dio.netty.allocator.chunkSize: 4194304
2024-08-28 15:59:11 DEBUG PooledByteBufAllocator:170 - -Dio.netty.allocator.smallCacheSize: 256
2024-08-28 15:59:11 DEBUG PooledByteBufAllocator:171 - -Dio.netty.allocator.normalCacheSize: 64
2024-08-28 15:59:11 DEBUG PooledByteBufAllocator:172 - -Dio.netty.allocator.maxCachedBufferCapacity: 32768
2024-08-28 15:59:11 DEBUG PooledByteBufAllocator:173 - -Dio.netty.allocator.cacheTrimInterval: 8192
2024-08-28 15:59:11 DEBUG PooledByteBufAllocator:174 - -Dio.netty.allocator.cacheTrimIntervalMillis: 0
2024-08-28 15:59:11 DEBUG PooledByteBufAllocator:175 - -Dio.netty.allocator.useCacheForAllThreads: false
2024-08-28 15:59:11 DEBUG PooledByteBufAllocator:176 - -Dio.netty.allocator.maxCachedByteBuffersPerChunk: 1023
2024-08-28 15:59:11 DEBUG ByteBufUtil:89 - -Dio.netty.allocator.type: pooled
2024-08-28 15:59:11 DEBUG ByteBufUtil:98 - -Dio.netty.threadLocalDirectBufferSize: 0
2024-08-28 15:59:11 DEBUG ByteBufUtil:101 - -Dio.netty.maxThreadLocalCharBufferSize: 16384
2024-08-28 15:59:12 DEBUG DefaultChannelId:79 - -Dio.netty.processId: 14048 (auto-detected)
2024-08-28 15:59:12 DEBUG NetUtil:148 - -Djava.net.preferIPv4Stack: false
2024-08-28 15:59:12 DEBUG NetUtil:149 - -Djava.net.preferIPv6Addresses: false
2024-08-28 15:59:12 DEBUG NetUtilInitializations:145 - Loopback interface: lo (Software Loopback Interface 1, 127.0.0.1)
2024-08-28 15:59:12 DEBUG NetUtil:206 - Failed to get SOMAXCONN from sysctl and file \proc\sys\net\core\somaxconn. Default: 200
2024-08-28 15:59:12 DEBUG DefaultChannelId:101 - -Dio.netty.machineId: 74:70:fd:ff:fe:e3:6e:9e (auto-detected)
2024-08-28 15:59:12 DEBUG AbstractByteBuf:63 - -Dio.netty.buffer.checkAccessible: true
2024-08-28 15:59:12 DEBUG AbstractByteBuf:64 - -Dio.netty.buffer.checkBounds: true
2024-08-28 15:59:12 DEBUG ResourceLeakDetectorFactory:196 - Loaded default ResourceLeakDetector: io.netty.util.ResourceLeakDetector@35bc36f7
2024-08-28 15:59:12 DEBUG Recycler:96 - -Dio.netty.recycler.maxCapacityPerThread: 4096
2024-08-28 15:59:12 DEBUG Recycler:97 - -Dio.netty.recycler.ratio: 8
2024-08-28 15:59:12 DEBUG Recycler:98 - -Dio.netty.recycler.chunkSize: 32
2024-08-28 15:59:12 DEBUG Recycler:99 - -Dio.netty.recycler.blocking: false
2024-08-28 15:59:12 DEBUG Recycler:100 - -Dio.netty.recycler.batchFastThreadLocalOnly: true
2024-08-28 15:59:13 DEBUG Brotli:38 - brotli4j not in the classpath; Brotli support will be unavailable.
2024-08-28 15:59:13 DEBUG ThreadLocalRandom:214 - -Dio.netty.initialSeedUniquifier: 0x17ac8283c8df2005
2024-08-28 15:59:20 INFO  Login_Page:14 - ***TC_001_AccountRegistrationTest***
2024-08-28 15:59:20 INFO  Login_Page:18 - logging in to wensite
2024-08-28 15:59:22 INFO  Login_Page:29 - finish
2024-08-28 16:54:13 DEBUG InternalLoggerFactory:76 - Using Log4J2 as the default logging framework
2024-08-28 16:54:13 DEBUG ResourceLeakDetector:129 - -Dio.netty.leakDetection.level: simple
2024-08-28 16:54:13 DEBUG ResourceLeakDetector:130 - -Dio.netty.leakDetection.targetRecords: 4
2024-08-28 16:54:13 DEBUG ResourceLeakDetectorFactory:196 - Loaded default ResourceLeakDetector: io.netty.util.ResourceLeakDetector@1440c311
2024-08-28 16:54:13 DEBUG PlatformDependent0:497 - -Dio.netty.noUnsafe: false
2024-08-28 16:54:13 DEBUG PlatformDependent0:1001 - Java version: 18
2024-08-28 16:54:13 DEBUG PlatformDependent0:137 - sun.misc.Unsafe.theUnsafe: available
2024-08-28 16:54:13 DEBUG PlatformDependent0:161 - sun.misc.Unsafe.copyMemory: available
2024-08-28 16:54:13 DEBUG PlatformDependent0:193 - sun.misc.Unsafe.storeFence: available
2024-08-28 16:54:13 DEBUG PlatformDependent0:236 - java.nio.Buffer.address: available
2024-08-28 16:54:13 DEBUG PlatformDependent0:321 - direct buffer constructor: unavailable: Reflective setAccessible(true) disabled
2024-08-28 16:54:13 DEBUG PlatformDependent0:386 - java.nio.Bits.unaligned: available, true
2024-08-28 16:54:13 DEBUG PlatformDependent0:453 - jdk.internal.misc.Unsafe.allocateUninitializedArray(int): unavailable: class io.netty.util.internal.PlatformDependent0$7 cannot access class jdk.internal.misc.Unsafe (in module java.base) because module java.base does not export jdk.internal.misc to unnamed module @6477463f
2024-08-28 16:54:13 DEBUG PlatformDependent0:483 - java.nio.DirectByteBuffer.<init>(long, {int,long}): unavailable
2024-08-28 16:54:13 DEBUG PlatformDependent:1159 - sun.misc.Unsafe: available
2024-08-28 16:54:13 DEBUG PlatformDependent:1270 - maxDirectMemory: 3193962496 bytes (maybe)
2024-08-28 16:54:13 DEBUG PlatformDependent:1289 - -Dio.netty.tmpdir: C:\Users\Admin\AppData\Local\Temp (java.io.tmpdir)
2024-08-28 16:54:13 DEBUG PlatformDependent:1368 - -Dio.netty.bitMode: 64 (sun.arch.data.model)
2024-08-28 16:54:13 DEBUG PlatformDependent:1119 - Platform: Windows
2024-08-28 16:54:13 DEBUG PlatformDependent:178 - -Dio.netty.maxDirectMemory: -1 bytes
2024-08-28 16:54:13 DEBUG PlatformDependent:185 - -Dio.netty.uninitializedArrayAllocationThreshold: -1
2024-08-28 16:54:13 DEBUG CleanerJava9:71 - java.nio.ByteBuffer.cleaner(): available
2024-08-28 16:54:13 DEBUG PlatformDependent:205 - -Dio.netty.noPreferDirect: false
2024-08-28 16:54:13 DEBUG PlatformDependent:1010 - org.jctools-core.MpscChunkedArrayQueue: available
2024-08-28 16:54:13 DEBUG InternalThreadLocalMap:100 - -Dio.netty.threadLocalMap.stringBuilder.initialSize: 1024
2024-08-28 16:54:13 DEBUG InternalThreadLocalMap:101 - -Dio.netty.threadLocalMap.stringBuilder.maxSize: 4096
2024-08-28 16:54:14 DEBUG JdkSslContext:83 - Default protocols (JDK): [TLSv1.3, TLSv1.2] 
2024-08-28 16:54:14 DEBUG JdkSslContext:84 - Default cipher suites (JDK): [TLS_ECDHE_ECDSA_WITH_AES_256_GCM_SHA384, TLS_ECDHE_ECDSA_WITH_AES_128_GCM_SHA256, TLS_ECDHE_RSA_WITH_AES_128_GCM_SHA256, TLS_ECDHE_RSA_WITH_AES_256_GCM_SHA384, TLS_ECDHE_RSA_WITH_AES_128_CBC_SHA, TLS_ECDHE_RSA_WITH_AES_256_CBC_SHA, TLS_RSA_WITH_AES_128_GCM_SHA256, TLS_RSA_WITH_AES_128_CBC_SHA, TLS_RSA_WITH_AES_256_CBC_SHA, TLS_AES_128_GCM_SHA256, TLS_AES_256_GCM_SHA384]
2024-08-28 16:54:14 DEBUG GlobalEventExecutor:53 - -Dio.netty.globalEventExecutor.quietPeriodSeconds: 1
2024-08-28 16:54:14 DEBUG MultithreadEventLoopGroup:44 - -Dio.netty.eventLoopThreads: 8
2024-08-28 16:54:14 DEBUG NioEventLoop:110 - -Dio.netty.noKeySetOptimization: false
2024-08-28 16:54:14 DEBUG NioEventLoop:111 - -Dio.netty.selectorAutoRebuildThreshold: 512
2024-08-28 16:54:14 DEBUG PooledByteBufAllocator:157 - -Dio.netty.allocator.numHeapArenas: 8
2024-08-28 16:54:14 DEBUG PooledByteBufAllocator:158 - -Dio.netty.allocator.numDirectArenas: 8
2024-08-28 16:54:14 DEBUG PooledByteBufAllocator:160 - -Dio.netty.allocator.pageSize: 8192
2024-08-28 16:54:14 DEBUG PooledByteBufAllocator:165 - -Dio.netty.allocator.maxOrder: 9
2024-08-28 16:54:14 DEBUG PooledByteBufAllocator:169 - -Dio.netty.allocator.chunkSize: 4194304
2024-08-28 16:54:14 DEBUG PooledByteBufAllocator:170 - -Dio.netty.allocator.smallCacheSize: 256
2024-08-28 16:54:14 DEBUG PooledByteBufAllocator:171 - -Dio.netty.allocator.normalCacheSize: 64
2024-08-28 16:54:14 DEBUG PooledByteBufAllocator:172 - -Dio.netty.allocator.maxCachedBufferCapacity: 32768
2024-08-28 16:54:14 DEBUG PooledByteBufAllocator:173 - -Dio.netty.allocator.cacheTrimInterval: 8192
2024-08-28 16:54:14 DEBUG PooledByteBufAllocator:174 - -Dio.netty.allocator.cacheTrimIntervalMillis: 0
2024-08-28 16:54:14 DEBUG PooledByteBufAllocator:175 - -Dio.netty.allocator.useCacheForAllThreads: false
2024-08-28 16:54:14 DEBUG PooledByteBufAllocator:176 - -Dio.netty.allocator.maxCachedByteBuffersPerChunk: 1023
2024-08-28 16:54:14 DEBUG ByteBufUtil:89 - -Dio.netty.allocator.type: pooled
2024-08-28 16:54:14 DEBUG ByteBufUtil:98 - -Dio.netty.threadLocalDirectBufferSize: 0
2024-08-28 16:54:14 DEBUG ByteBufUtil:101 - -Dio.netty.maxThreadLocalCharBufferSize: 16384
2024-08-28 16:54:14 DEBUG DefaultChannelId:79 - -Dio.netty.processId: 14000 (auto-detected)
2024-08-28 16:54:14 DEBUG NetUtil:148 - -Djava.net.preferIPv4Stack: false
2024-08-28 16:54:14 DEBUG NetUtil:149 - -Djava.net.preferIPv6Addresses: false
2024-08-28 16:54:14 DEBUG NetUtilInitializations:145 - Loopback interface: lo (Software Loopback Interface 1, 127.0.0.1)
2024-08-28 16:54:14 DEBUG NetUtil:206 - Failed to get SOMAXCONN from sysctl and file \proc\sys\net\core\somaxconn. Default: 200
2024-08-28 16:54:14 DEBUG DefaultChannelId:101 - -Dio.netty.machineId: 74:70:fd:ff:fe:e3:6e:9e (auto-detected)
2024-08-28 16:54:14 DEBUG AbstractByteBuf:63 - -Dio.netty.buffer.checkAccessible: true
2024-08-28 16:54:14 DEBUG AbstractByteBuf:64 - -Dio.netty.buffer.checkBounds: true
2024-08-28 16:54:14 DEBUG ResourceLeakDetectorFactory:196 - Loaded default ResourceLeakDetector: io.netty.util.ResourceLeakDetector@1825008a
2024-08-28 16:54:14 DEBUG Recycler:96 - -Dio.netty.recycler.maxCapacityPerThread: 4096
2024-08-28 16:54:14 DEBUG Recycler:97 - -Dio.netty.recycler.ratio: 8
2024-08-28 16:54:14 DEBUG Recycler:98 - -Dio.netty.recycler.chunkSize: 32
2024-08-28 16:54:14 DEBUG Recycler:99 - -Dio.netty.recycler.blocking: false
2024-08-28 16:54:14 DEBUG Recycler:100 - -Dio.netty.recycler.batchFastThreadLocalOnly: true
2024-08-28 16:54:15 DEBUG Brotli:38 - brotli4j not in the classpath; Brotli support will be unavailable.
2024-08-28 16:54:15 DEBUG ThreadLocalRandom:214 - -Dio.netty.initialSeedUniquifier: 0xfee9ffa36bd52fb0
2024-08-28 16:55:11 DEBUG InternalLoggerFactory:76 - Using Log4J2 as the default logging framework
2024-08-28 16:55:11 DEBUG ResourceLeakDetector:129 - -Dio.netty.leakDetection.level: simple
2024-08-28 16:55:11 DEBUG ResourceLeakDetector:130 - -Dio.netty.leakDetection.targetRecords: 4
2024-08-28 16:55:11 DEBUG ResourceLeakDetectorFactory:196 - Loaded default ResourceLeakDetector: io.netty.util.ResourceLeakDetector@783ec989
2024-08-28 16:55:11 DEBUG PlatformDependent0:497 - -Dio.netty.noUnsafe: false
2024-08-28 16:55:11 DEBUG PlatformDependent0:1001 - Java version: 18
2024-08-28 16:55:11 DEBUG PlatformDependent0:137 - sun.misc.Unsafe.theUnsafe: available
2024-08-28 16:55:11 DEBUG PlatformDependent0:161 - sun.misc.Unsafe.copyMemory: available
2024-08-28 16:55:11 DEBUG PlatformDependent0:193 - sun.misc.Unsafe.storeFence: available
2024-08-28 16:55:11 DEBUG PlatformDependent0:236 - java.nio.Buffer.address: available
2024-08-28 16:55:11 DEBUG PlatformDependent0:321 - direct buffer constructor: unavailable: Reflective setAccessible(true) disabled
2024-08-28 16:55:11 DEBUG PlatformDependent0:386 - java.nio.Bits.unaligned: available, true
2024-08-28 16:55:11 DEBUG PlatformDependent0:453 - jdk.internal.misc.Unsafe.allocateUninitializedArray(int): unavailable: class io.netty.util.internal.PlatformDependent0$7 cannot access class jdk.internal.misc.Unsafe (in module java.base) because module java.base does not export jdk.internal.misc to unnamed module @6477463f
2024-08-28 16:55:11 DEBUG PlatformDependent0:483 - java.nio.DirectByteBuffer.<init>(long, {int,long}): unavailable
2024-08-28 16:55:11 DEBUG PlatformDependent:1159 - sun.misc.Unsafe: available
2024-08-28 16:55:11 DEBUG PlatformDependent:1270 - maxDirectMemory: 3193962496 bytes (maybe)
2024-08-28 16:55:11 DEBUG PlatformDependent:1289 - -Dio.netty.tmpdir: C:\Users\Admin\AppData\Local\Temp (java.io.tmpdir)
2024-08-28 16:55:11 DEBUG PlatformDependent:1368 - -Dio.netty.bitMode: 64 (sun.arch.data.model)
2024-08-28 16:55:11 DEBUG PlatformDependent:1119 - Platform: Windows
2024-08-28 16:55:11 DEBUG PlatformDependent:178 - -Dio.netty.maxDirectMemory: -1 bytes
2024-08-28 16:55:11 DEBUG PlatformDependent:185 - -Dio.netty.uninitializedArrayAllocationThreshold: -1
2024-08-28 16:55:11 DEBUG CleanerJava9:71 - java.nio.ByteBuffer.cleaner(): available
2024-08-28 16:55:11 DEBUG PlatformDependent:205 - -Dio.netty.noPreferDirect: false
2024-08-28 16:55:11 DEBUG PlatformDependent:1010 - org.jctools-core.MpscChunkedArrayQueue: available
2024-08-28 16:55:11 DEBUG InternalThreadLocalMap:100 - -Dio.netty.threadLocalMap.stringBuilder.initialSize: 1024
2024-08-28 16:55:11 DEBUG InternalThreadLocalMap:101 - -Dio.netty.threadLocalMap.stringBuilder.maxSize: 4096
2024-08-28 16:55:11 DEBUG JdkSslContext:83 - Default protocols (JDK): [TLSv1.3, TLSv1.2] 
2024-08-28 16:55:11 DEBUG JdkSslContext:84 - Default cipher suites (JDK): [TLS_ECDHE_ECDSA_WITH_AES_256_GCM_SHA384, TLS_ECDHE_ECDSA_WITH_AES_128_GCM_SHA256, TLS_ECDHE_RSA_WITH_AES_128_GCM_SHA256, TLS_ECDHE_RSA_WITH_AES_256_GCM_SHA384, TLS_ECDHE_RSA_WITH_AES_128_CBC_SHA, TLS_ECDHE_RSA_WITH_AES_256_CBC_SHA, TLS_RSA_WITH_AES_128_GCM_SHA256, TLS_RSA_WITH_AES_128_CBC_SHA, TLS_RSA_WITH_AES_256_CBC_SHA, TLS_AES_128_GCM_SHA256, TLS_AES_256_GCM_SHA384]
2024-08-28 16:55:11 DEBUG GlobalEventExecutor:53 - -Dio.netty.globalEventExecutor.quietPeriodSeconds: 1
2024-08-28 16:55:11 DEBUG MultithreadEventLoopGroup:44 - -Dio.netty.eventLoopThreads: 8
2024-08-28 16:55:11 DEBUG NioEventLoop:110 - -Dio.netty.noKeySetOptimization: false
2024-08-28 16:55:11 DEBUG NioEventLoop:111 - -Dio.netty.selectorAutoRebuildThreshold: 512
2024-08-28 16:55:11 DEBUG PooledByteBufAllocator:157 - -Dio.netty.allocator.numHeapArenas: 8
2024-08-28 16:55:11 DEBUG PooledByteBufAllocator:158 - -Dio.netty.allocator.numDirectArenas: 8
2024-08-28 16:55:11 DEBUG PooledByteBufAllocator:160 - -Dio.netty.allocator.pageSize: 8192
2024-08-28 16:55:11 DEBUG PooledByteBufAllocator:165 - -Dio.netty.allocator.maxOrder: 9
2024-08-28 16:55:11 DEBUG PooledByteBufAllocator:169 - -Dio.netty.allocator.chunkSize: 4194304
2024-08-28 16:55:11 DEBUG PooledByteBufAllocator:170 - -Dio.netty.allocator.smallCacheSize: 256
2024-08-28 16:55:11 DEBUG PooledByteBufAllocator:171 - -Dio.netty.allocator.normalCacheSize: 64
2024-08-28 16:55:11 DEBUG PooledByteBufAllocator:172 - -Dio.netty.allocator.maxCachedBufferCapacity: 32768
2024-08-28 16:55:11 DEBUG PooledByteBufAllocator:173 - -Dio.netty.allocator.cacheTrimInterval: 8192
2024-08-28 16:55:11 DEBUG PooledByteBufAllocator:174 - -Dio.netty.allocator.cacheTrimIntervalMillis: 0
2024-08-28 16:55:11 DEBUG PooledByteBufAllocator:175 - -Dio.netty.allocator.useCacheForAllThreads: false
2024-08-28 16:55:11 DEBUG PooledByteBufAllocator:176 - -Dio.netty.allocator.maxCachedByteBuffersPerChunk: 1023
2024-08-28 16:55:11 DEBUG ByteBufUtil:89 - -Dio.netty.allocator.type: pooled
2024-08-28 16:55:11 DEBUG ByteBufUtil:98 - -Dio.netty.threadLocalDirectBufferSize: 0
2024-08-28 16:55:11 DEBUG ByteBufUtil:101 - -Dio.netty.maxThreadLocalCharBufferSize: 16384
2024-08-28 16:55:11 DEBUG DefaultChannelId:79 - -Dio.netty.processId: 16992 (auto-detected)
2024-08-28 16:55:11 DEBUG NetUtil:148 - -Djava.net.preferIPv4Stack: false
2024-08-28 16:55:11 DEBUG NetUtil:149 - -Djava.net.preferIPv6Addresses: false
2024-08-28 16:55:11 DEBUG NetUtilInitializations:145 - Loopback interface: lo (Software Loopback Interface 1, 127.0.0.1)
2024-08-28 16:55:11 DEBUG NetUtil:206 - Failed to get SOMAXCONN from sysctl and file \proc\sys\net\core\somaxconn. Default: 200
2024-08-28 16:55:11 DEBUG DefaultChannelId:101 - -Dio.netty.machineId: 74:70:fd:ff:fe:e3:6e:9e (auto-detected)
2024-08-28 16:55:11 DEBUG AbstractByteBuf:63 - -Dio.netty.buffer.checkAccessible: true
2024-08-28 16:55:11 DEBUG AbstractByteBuf:64 - -Dio.netty.buffer.checkBounds: true
2024-08-28 16:55:11 DEBUG ResourceLeakDetectorFactory:196 - Loaded default ResourceLeakDetector: io.netty.util.ResourceLeakDetector@5a8c47a9
2024-08-28 16:55:11 DEBUG Recycler:96 - -Dio.netty.recycler.maxCapacityPerThread: 4096
2024-08-28 16:55:11 DEBUG Recycler:97 - -Dio.netty.recycler.ratio: 8
2024-08-28 16:55:11 DEBUG Recycler:98 - -Dio.netty.recycler.chunkSize: 32
2024-08-28 16:55:11 DEBUG Recycler:99 - -Dio.netty.recycler.blocking: false
2024-08-28 16:55:11 DEBUG Recycler:100 - -Dio.netty.recycler.batchFastThreadLocalOnly: true
2024-08-28 16:55:12 DEBUG Brotli:38 - brotli4j not in the classpath; Brotli support will be unavailable.
2024-08-28 16:55:13 DEBUG ThreadLocalRandom:214 - -Dio.netty.initialSeedUniquifier: 0x4d017e20fee0c433
2024-08-28 16:55:19 INFO  Login_Page:14 - ***TC_001_AccountRegistrationTest***
2024-08-28 16:55:19 INFO  Login_Page:18 - logging in to wensite
2024-08-28 16:55:20 INFO  Login_Page:29 - finish
2024-08-28 16:57:08 DEBUG InternalLoggerFactory:76 - Using Log4J2 as the default logging framework
2024-08-28 16:57:08 DEBUG ResourceLeakDetector:129 - -Dio.netty.leakDetection.level: simple
2024-08-28 16:57:08 DEBUG ResourceLeakDetector:130 - -Dio.netty.leakDetection.targetRecords: 4
2024-08-28 16:57:08 DEBUG ResourceLeakDetectorFactory:196 - Loaded default ResourceLeakDetector: io.netty.util.ResourceLeakDetector@783ec989
2024-08-28 16:57:08 DEBUG PlatformDependent0:497 - -Dio.netty.noUnsafe: false
2024-08-28 16:57:08 DEBUG PlatformDependent0:1001 - Java version: 18
2024-08-28 16:57:08 DEBUG PlatformDependent0:137 - sun.misc.Unsafe.theUnsafe: available
2024-08-28 16:57:08 DEBUG PlatformDependent0:161 - sun.misc.Unsafe.copyMemory: available
2024-08-28 16:57:08 DEBUG PlatformDependent0:193 - sun.misc.Unsafe.storeFence: available
2024-08-28 16:57:08 DEBUG PlatformDependent0:236 - java.nio.Buffer.address: available
2024-08-28 16:57:08 DEBUG PlatformDependent0:321 - direct buffer constructor: unavailable: Reflective setAccessible(true) disabled
2024-08-28 16:57:08 DEBUG PlatformDependent0:386 - java.nio.Bits.unaligned: available, true
2024-08-28 16:57:08 DEBUG PlatformDependent0:453 - jdk.internal.misc.Unsafe.allocateUninitializedArray(int): unavailable: class io.netty.util.internal.PlatformDependent0$7 cannot access class jdk.internal.misc.Unsafe (in module java.base) because module java.base does not export jdk.internal.misc to unnamed module @6477463f
2024-08-28 16:57:08 DEBUG PlatformDependent0:483 - java.nio.DirectByteBuffer.<init>(long, {int,long}): unavailable
2024-08-28 16:57:08 DEBUG PlatformDependent:1159 - sun.misc.Unsafe: available
2024-08-28 16:57:08 DEBUG PlatformDependent:1270 - maxDirectMemory: 3193962496 bytes (maybe)
2024-08-28 16:57:08 DEBUG PlatformDependent:1289 - -Dio.netty.tmpdir: C:\Users\Admin\AppData\Local\Temp (java.io.tmpdir)
2024-08-28 16:57:08 DEBUG PlatformDependent:1368 - -Dio.netty.bitMode: 64 (sun.arch.data.model)
2024-08-28 16:57:08 DEBUG PlatformDependent:1119 - Platform: Windows
2024-08-28 16:57:08 DEBUG PlatformDependent:178 - -Dio.netty.maxDirectMemory: -1 bytes
2024-08-28 16:57:08 DEBUG PlatformDependent:185 - -Dio.netty.uninitializedArrayAllocationThreshold: -1
2024-08-28 16:57:08 DEBUG CleanerJava9:71 - java.nio.ByteBuffer.cleaner(): available
2024-08-28 16:57:08 DEBUG PlatformDependent:205 - -Dio.netty.noPreferDirect: false
2024-08-28 16:57:08 DEBUG PlatformDependent:1010 - org.jctools-core.MpscChunkedArrayQueue: available
2024-08-28 16:57:08 DEBUG InternalThreadLocalMap:100 - -Dio.netty.threadLocalMap.stringBuilder.initialSize: 1024
2024-08-28 16:57:08 DEBUG InternalThreadLocalMap:101 - -Dio.netty.threadLocalMap.stringBuilder.maxSize: 4096
2024-08-28 16:57:08 DEBUG JdkSslContext:83 - Default protocols (JDK): [TLSv1.3, TLSv1.2] 
2024-08-28 16:57:08 DEBUG JdkSslContext:84 - Default cipher suites (JDK): [TLS_ECDHE_ECDSA_WITH_AES_256_GCM_SHA384, TLS_ECDHE_ECDSA_WITH_AES_128_GCM_SHA256, TLS_ECDHE_RSA_WITH_AES_128_GCM_SHA256, TLS_ECDHE_RSA_WITH_AES_256_GCM_SHA384, TLS_ECDHE_RSA_WITH_AES_128_CBC_SHA, TLS_ECDHE_RSA_WITH_AES_256_CBC_SHA, TLS_RSA_WITH_AES_128_GCM_SHA256, TLS_RSA_WITH_AES_128_CBC_SHA, TLS_RSA_WITH_AES_256_CBC_SHA, TLS_AES_128_GCM_SHA256, TLS_AES_256_GCM_SHA384]
2024-08-28 16:57:08 DEBUG GlobalEventExecutor:53 - -Dio.netty.globalEventExecutor.quietPeriodSeconds: 1
2024-08-28 16:57:08 DEBUG MultithreadEventLoopGroup:44 - -Dio.netty.eventLoopThreads: 8
2024-08-28 16:57:08 DEBUG NioEventLoop:110 - -Dio.netty.noKeySetOptimization: false
2024-08-28 16:57:08 DEBUG NioEventLoop:111 - -Dio.netty.selectorAutoRebuildThreshold: 512
2024-08-28 16:57:08 DEBUG PooledByteBufAllocator:157 - -Dio.netty.allocator.numHeapArenas: 8
2024-08-28 16:57:08 DEBUG PooledByteBufAllocator:158 - -Dio.netty.allocator.numDirectArenas: 8
2024-08-28 16:57:08 DEBUG PooledByteBufAllocator:160 - -Dio.netty.allocator.pageSize: 8192
2024-08-28 16:57:08 DEBUG PooledByteBufAllocator:165 - -Dio.netty.allocator.maxOrder: 9
2024-08-28 16:57:08 DEBUG PooledByteBufAllocator:169 - -Dio.netty.allocator.chunkSize: 4194304
2024-08-28 16:57:08 DEBUG PooledByteBufAllocator:170 - -Dio.netty.allocator.smallCacheSize: 256
2024-08-28 16:57:08 DEBUG PooledByteBufAllocator:171 - -Dio.netty.allocator.normalCacheSize: 64
2024-08-28 16:57:08 DEBUG PooledByteBufAllocator:172 - -Dio.netty.allocator.maxCachedBufferCapacity: 32768
2024-08-28 16:57:08 DEBUG PooledByteBufAllocator:173 - -Dio.netty.allocator.cacheTrimInterval: 8192
2024-08-28 16:57:08 DEBUG PooledByteBufAllocator:174 - -Dio.netty.allocator.cacheTrimIntervalMillis: 0
2024-08-28 16:57:08 DEBUG PooledByteBufAllocator:175 - -Dio.netty.allocator.useCacheForAllThreads: false
2024-08-28 16:57:08 DEBUG PooledByteBufAllocator:176 - -Dio.netty.allocator.maxCachedByteBuffersPerChunk: 1023
2024-08-28 16:57:08 DEBUG ByteBufUtil:89 - -Dio.netty.allocator.type: pooled
2024-08-28 16:57:08 DEBUG ByteBufUtil:98 - -Dio.netty.threadLocalDirectBufferSize: 0
2024-08-28 16:57:08 DEBUG ByteBufUtil:101 - -Dio.netty.maxThreadLocalCharBufferSize: 16384
2024-08-28 16:57:09 DEBUG DefaultChannelId:79 - -Dio.netty.processId: 5924 (auto-detected)
2024-08-28 16:57:09 DEBUG NetUtil:148 - -Djava.net.preferIPv4Stack: false
2024-08-28 16:57:09 DEBUG NetUtil:149 - -Djava.net.preferIPv6Addresses: false
2024-08-28 16:57:09 DEBUG NetUtilInitializations:145 - Loopback interface: lo (Software Loopback Interface 1, 127.0.0.1)
2024-08-28 16:57:09 DEBUG NetUtil:206 - Failed to get SOMAXCONN from sysctl and file \proc\sys\net\core\somaxconn. Default: 200
2024-08-28 16:57:09 DEBUG DefaultChannelId:101 - -Dio.netty.machineId: 74:70:fd:ff:fe:e3:6e:9e (auto-detected)
2024-08-28 16:57:09 DEBUG AbstractByteBuf:63 - -Dio.netty.buffer.checkAccessible: true
2024-08-28 16:57:09 DEBUG AbstractByteBuf:64 - -Dio.netty.buffer.checkBounds: true
2024-08-28 16:57:09 DEBUG ResourceLeakDetectorFactory:196 - Loaded default ResourceLeakDetector: io.netty.util.ResourceLeakDetector@29d230be
2024-08-28 16:57:09 DEBUG Recycler:96 - -Dio.netty.recycler.maxCapacityPerThread: 4096
2024-08-28 16:57:09 DEBUG Recycler:97 - -Dio.netty.recycler.ratio: 8
2024-08-28 16:57:09 DEBUG Recycler:98 - -Dio.netty.recycler.chunkSize: 32
2024-08-28 16:57:09 DEBUG Recycler:99 - -Dio.netty.recycler.blocking: false
2024-08-28 16:57:09 DEBUG Recycler:100 - -Dio.netty.recycler.batchFastThreadLocalOnly: true
2024-08-28 16:57:10 DEBUG Brotli:38 - brotli4j not in the classpath; Brotli support will be unavailable.
2024-08-28 16:57:10 DEBUG ThreadLocalRandom:214 - -Dio.netty.initialSeedUniquifier: 0xb2f3ebf5f85341fe
2024-08-28 16:57:16 INFO  Login_Page:14 - ***TC_001_AccountRegistrationTest***
2024-08-28 16:57:16 INFO  Login_Page:18 - logging in to wensite
2024-08-28 16:57:17 INFO  Login_Page:29 - finish
2024-08-28 17:00:24 DEBUG InternalLoggerFactory:76 - Using Log4J2 as the default logging framework
2024-08-28 17:00:24 DEBUG ResourceLeakDetector:129 - -Dio.netty.leakDetection.level: simple
2024-08-28 17:00:24 DEBUG ResourceLeakDetector:130 - -Dio.netty.leakDetection.targetRecords: 4
2024-08-28 17:00:24 DEBUG ResourceLeakDetectorFactory:196 - Loaded default ResourceLeakDetector: io.netty.util.ResourceLeakDetector@37c5fc56
2024-08-28 17:00:24 DEBUG PlatformDependent0:497 - -Dio.netty.noUnsafe: false
2024-08-28 17:00:24 DEBUG PlatformDependent0:1001 - Java version: 18
2024-08-28 17:00:24 DEBUG PlatformDependent0:137 - sun.misc.Unsafe.theUnsafe: available
2024-08-28 17:00:24 DEBUG PlatformDependent0:161 - sun.misc.Unsafe.copyMemory: available
2024-08-28 17:00:24 DEBUG PlatformDependent0:193 - sun.misc.Unsafe.storeFence: available
2024-08-28 17:00:24 DEBUG PlatformDependent0:236 - java.nio.Buffer.address: available
2024-08-28 17:00:24 DEBUG PlatformDependent0:321 - direct buffer constructor: unavailable: Reflective setAccessible(true) disabled
2024-08-28 17:00:24 DEBUG PlatformDependent0:386 - java.nio.Bits.unaligned: available, true
2024-08-28 17:00:24 DEBUG PlatformDependent0:453 - jdk.internal.misc.Unsafe.allocateUninitializedArray(int): unavailable: class io.netty.util.internal.PlatformDependent0$7 cannot access class jdk.internal.misc.Unsafe (in module java.base) because module java.base does not export jdk.internal.misc to unnamed module @6477463f
2024-08-28 17:00:24 DEBUG PlatformDependent0:483 - java.nio.DirectByteBuffer.<init>(long, {int,long}): unavailable
2024-08-28 17:00:24 DEBUG PlatformDependent:1159 - sun.misc.Unsafe: available
2024-08-28 17:00:24 DEBUG PlatformDependent:1270 - maxDirectMemory: 3193962496 bytes (maybe)
2024-08-28 17:00:24 DEBUG PlatformDependent:1289 - -Dio.netty.tmpdir: C:\Users\Admin\AppData\Local\Temp (java.io.tmpdir)
2024-08-28 17:00:24 DEBUG PlatformDependent:1368 - -Dio.netty.bitMode: 64 (sun.arch.data.model)
2024-08-28 17:00:24 DEBUG PlatformDependent:1119 - Platform: Windows
2024-08-28 17:00:24 DEBUG PlatformDependent:178 - -Dio.netty.maxDirectMemory: -1 bytes
2024-08-28 17:00:24 DEBUG PlatformDependent:185 - -Dio.netty.uninitializedArrayAllocationThreshold: -1
2024-08-28 17:00:24 DEBUG CleanerJava9:71 - java.nio.ByteBuffer.cleaner(): available
2024-08-28 17:00:24 DEBUG PlatformDependent:205 - -Dio.netty.noPreferDirect: false
2024-08-28 17:00:24 DEBUG PlatformDependent:1010 - org.jctools-core.MpscChunkedArrayQueue: available
2024-08-28 17:00:24 DEBUG InternalThreadLocalMap:100 - -Dio.netty.threadLocalMap.stringBuilder.initialSize: 1024
2024-08-28 17:00:24 DEBUG InternalThreadLocalMap:101 - -Dio.netty.threadLocalMap.stringBuilder.maxSize: 4096
2024-08-28 17:00:24 DEBUG JdkSslContext:83 - Default protocols (JDK): [TLSv1.3, TLSv1.2] 
2024-08-28 17:00:24 DEBUG JdkSslContext:84 - Default cipher suites (JDK): [TLS_ECDHE_ECDSA_WITH_AES_256_GCM_SHA384, TLS_ECDHE_ECDSA_WITH_AES_128_GCM_SHA256, TLS_ECDHE_RSA_WITH_AES_128_GCM_SHA256, TLS_ECDHE_RSA_WITH_AES_256_GCM_SHA384, TLS_ECDHE_RSA_WITH_AES_128_CBC_SHA, TLS_ECDHE_RSA_WITH_AES_256_CBC_SHA, TLS_RSA_WITH_AES_128_GCM_SHA256, TLS_RSA_WITH_AES_128_CBC_SHA, TLS_RSA_WITH_AES_256_CBC_SHA, TLS_AES_128_GCM_SHA256, TLS_AES_256_GCM_SHA384]
2024-08-28 17:00:24 DEBUG GlobalEventExecutor:53 - -Dio.netty.globalEventExecutor.quietPeriodSeconds: 1
2024-08-28 17:00:24 DEBUG MultithreadEventLoopGroup:44 - -Dio.netty.eventLoopThreads: 8
2024-08-28 17:00:24 DEBUG NioEventLoop:110 - -Dio.netty.noKeySetOptimization: false
2024-08-28 17:00:24 DEBUG NioEventLoop:111 - -Dio.netty.selectorAutoRebuildThreshold: 512
2024-08-28 17:00:25 DEBUG PooledByteBufAllocator:157 - -Dio.netty.allocator.numHeapArenas: 8
2024-08-28 17:00:25 DEBUG PooledByteBufAllocator:158 - -Dio.netty.allocator.numDirectArenas: 8
2024-08-28 17:00:25 DEBUG PooledByteBufAllocator:160 - -Dio.netty.allocator.pageSize: 8192
2024-08-28 17:00:25 DEBUG PooledByteBufAllocator:165 - -Dio.netty.allocator.maxOrder: 9
2024-08-28 17:00:25 DEBUG PooledByteBufAllocator:169 - -Dio.netty.allocator.chunkSize: 4194304
2024-08-28 17:00:25 DEBUG PooledByteBufAllocator:170 - -Dio.netty.allocator.smallCacheSize: 256
2024-08-28 17:00:25 DEBUG PooledByteBufAllocator:171 - -Dio.netty.allocator.normalCacheSize: 64
2024-08-28 17:00:25 DEBUG PooledByteBufAllocator:172 - -Dio.netty.allocator.maxCachedBufferCapacity: 32768
2024-08-28 17:00:25 DEBUG PooledByteBufAllocator:173 - -Dio.netty.allocator.cacheTrimInterval: 8192
2024-08-28 17:00:25 DEBUG PooledByteBufAllocator:174 - -Dio.netty.allocator.cacheTrimIntervalMillis: 0
2024-08-28 17:00:25 DEBUG PooledByteBufAllocator:175 - -Dio.netty.allocator.useCacheForAllThreads: false
2024-08-28 17:00:25 DEBUG PooledByteBufAllocator:176 - -Dio.netty.allocator.maxCachedByteBuffersPerChunk: 1023
2024-08-28 17:00:25 DEBUG ByteBufUtil:89 - -Dio.netty.allocator.type: pooled
2024-08-28 17:00:25 DEBUG ByteBufUtil:98 - -Dio.netty.threadLocalDirectBufferSize: 0
2024-08-28 17:00:25 DEBUG ByteBufUtil:101 - -Dio.netty.maxThreadLocalCharBufferSize: 16384
2024-08-28 17:00:25 DEBUG DefaultChannelId:79 - -Dio.netty.processId: 13108 (auto-detected)
2024-08-28 17:00:25 DEBUG NetUtil:148 - -Djava.net.preferIPv4Stack: false
2024-08-28 17:00:25 DEBUG NetUtil:149 - -Djava.net.preferIPv6Addresses: false
2024-08-28 17:00:25 DEBUG NetUtilInitializations:145 - Loopback interface: lo (Software Loopback Interface 1, 127.0.0.1)
2024-08-28 17:00:25 DEBUG NetUtil:206 - Failed to get SOMAXCONN from sysctl and file \proc\sys\net\core\somaxconn. Default: 200
2024-08-28 17:00:25 DEBUG DefaultChannelId:101 - -Dio.netty.machineId: 74:70:fd:ff:fe:e3:6e:9e (auto-detected)
2024-08-28 17:00:25 DEBUG AbstractByteBuf:63 - -Dio.netty.buffer.checkAccessible: true
2024-08-28 17:00:25 DEBUG AbstractByteBuf:64 - -Dio.netty.buffer.checkBounds: true
2024-08-28 17:00:25 DEBUG ResourceLeakDetectorFactory:196 - Loaded default ResourceLeakDetector: io.netty.util.ResourceLeakDetector@da6488e
2024-08-28 17:00:25 DEBUG Recycler:96 - -Dio.netty.recycler.maxCapacityPerThread: 4096
2024-08-28 17:00:25 DEBUG Recycler:97 - -Dio.netty.recycler.ratio: 8
2024-08-28 17:00:25 DEBUG Recycler:98 - -Dio.netty.recycler.chunkSize: 32
2024-08-28 17:00:25 DEBUG Recycler:99 - -Dio.netty.recycler.blocking: false
2024-08-28 17:00:25 DEBUG Recycler:100 - -Dio.netty.recycler.batchFastThreadLocalOnly: true
2024-08-28 17:00:26 DEBUG Brotli:38 - brotli4j not in the classpath; Brotli support will be unavailable.
2024-08-28 17:00:26 DEBUG ThreadLocalRandom:214 - -Dio.netty.initialSeedUniquifier: 0xbb13d6dbb1d6e69c
2024-08-28 17:00:32 INFO  Login_Page:14 - ***TC_001_AccountRegistrationTest***
2024-08-28 17:00:32 INFO  Login_Page:18 - logging in to wensite
2024-08-28 17:00:34 INFO  Login_Page:29 - finish
2024-08-28 17:46:00 DEBUG InternalLoggerFactory:76 - Using Log4J2 as the default logging framework
2024-08-28 17:46:00 DEBUG ResourceLeakDetector:129 - -Dio.netty.leakDetection.level: simple
2024-08-28 17:46:00 DEBUG ResourceLeakDetector:130 - -Dio.netty.leakDetection.targetRecords: 4
2024-08-28 17:46:00 DEBUG ResourceLeakDetectorFactory:196 - Loaded default ResourceLeakDetector: io.netty.util.ResourceLeakDetector@5c089b2f
2024-08-28 17:46:00 DEBUG PlatformDependent0:497 - -Dio.netty.noUnsafe: false
2024-08-28 17:46:00 DEBUG PlatformDependent0:1001 - Java version: 18
2024-08-28 17:46:00 DEBUG PlatformDependent0:137 - sun.misc.Unsafe.theUnsafe: available
2024-08-28 17:46:00 DEBUG PlatformDependent0:161 - sun.misc.Unsafe.copyMemory: available
2024-08-28 17:46:00 DEBUG PlatformDependent0:193 - sun.misc.Unsafe.storeFence: available
2024-08-28 17:46:00 DEBUG PlatformDependent0:236 - java.nio.Buffer.address: available
2024-08-28 17:46:00 DEBUG PlatformDependent0:321 - direct buffer constructor: unavailable: Reflective setAccessible(true) disabled
2024-08-28 17:46:00 DEBUG PlatformDependent0:386 - java.nio.Bits.unaligned: available, true
2024-08-28 17:46:00 DEBUG PlatformDependent0:453 - jdk.internal.misc.Unsafe.allocateUninitializedArray(int): unavailable: class io.netty.util.internal.PlatformDependent0$7 cannot access class jdk.internal.misc.Unsafe (in module java.base) because module java.base does not export jdk.internal.misc to unnamed module @20d28811
2024-08-28 17:46:00 DEBUG PlatformDependent0:483 - java.nio.DirectByteBuffer.<init>(long, {int,long}): unavailable
2024-08-28 17:46:00 DEBUG PlatformDependent:1159 - sun.misc.Unsafe: available
2024-08-28 17:46:00 DEBUG PlatformDependent:1270 - maxDirectMemory: 3193962496 bytes (maybe)
2024-08-28 17:46:00 DEBUG PlatformDependent:1289 - -Dio.netty.tmpdir: C:\Users\Admin\AppData\Local\Temp (java.io.tmpdir)
2024-08-28 17:46:00 DEBUG PlatformDependent:1368 - -Dio.netty.bitMode: 64 (sun.arch.data.model)
2024-08-28 17:46:00 DEBUG PlatformDependent:1119 - Platform: Windows
2024-08-28 17:46:00 DEBUG PlatformDependent:178 - -Dio.netty.maxDirectMemory: -1 bytes
2024-08-28 17:46:00 DEBUG PlatformDependent:185 - -Dio.netty.uninitializedArrayAllocationThreshold: -1
2024-08-28 17:46:00 DEBUG CleanerJava9:71 - java.nio.ByteBuffer.cleaner(): available
2024-08-28 17:46:00 DEBUG PlatformDependent:205 - -Dio.netty.noPreferDirect: false
2024-08-28 17:46:00 DEBUG PlatformDependent:1010 - org.jctools-core.MpscChunkedArrayQueue: available
2024-08-28 17:46:00 DEBUG InternalThreadLocalMap:100 - -Dio.netty.threadLocalMap.stringBuilder.initialSize: 1024
2024-08-28 17:46:00 DEBUG InternalThreadLocalMap:101 - -Dio.netty.threadLocalMap.stringBuilder.maxSize: 4096
2024-08-28 17:46:00 DEBUG JdkSslContext:83 - Default protocols (JDK): [TLSv1.3, TLSv1.2] 
2024-08-28 17:46:00 DEBUG JdkSslContext:84 - Default cipher suites (JDK): [TLS_ECDHE_ECDSA_WITH_AES_256_GCM_SHA384, TLS_ECDHE_ECDSA_WITH_AES_128_GCM_SHA256, TLS_ECDHE_RSA_WITH_AES_128_GCM_SHA256, TLS_ECDHE_RSA_WITH_AES_256_GCM_SHA384, TLS_ECDHE_RSA_WITH_AES_128_CBC_SHA, TLS_ECDHE_RSA_WITH_AES_256_CBC_SHA, TLS_RSA_WITH_AES_128_GCM_SHA256, TLS_RSA_WITH_AES_128_CBC_SHA, TLS_RSA_WITH_AES_256_CBC_SHA, TLS_AES_128_GCM_SHA256, TLS_AES_256_GCM_SHA384]
2024-08-28 17:46:00 DEBUG GlobalEventExecutor:53 - -Dio.netty.globalEventExecutor.quietPeriodSeconds: 1
2024-08-28 17:46:00 DEBUG MultithreadEventLoopGroup:44 - -Dio.netty.eventLoopThreads: 8
2024-08-28 17:46:00 DEBUG NioEventLoop:110 - -Dio.netty.noKeySetOptimization: false
2024-08-28 17:46:00 DEBUG NioEventLoop:111 - -Dio.netty.selectorAutoRebuildThreshold: 512
2024-08-28 17:46:00 DEBUG PooledByteBufAllocator:157 - -Dio.netty.allocator.numHeapArenas: 8
2024-08-28 17:46:00 DEBUG PooledByteBufAllocator:158 - -Dio.netty.allocator.numDirectArenas: 8
2024-08-28 17:46:00 DEBUG PooledByteBufAllocator:160 - -Dio.netty.allocator.pageSize: 8192
2024-08-28 17:46:00 DEBUG PooledByteBufAllocator:165 - -Dio.netty.allocator.maxOrder: 9
2024-08-28 17:46:00 DEBUG PooledByteBufAllocator:169 - -Dio.netty.allocator.chunkSize: 4194304
2024-08-28 17:46:00 DEBUG PooledByteBufAllocator:170 - -Dio.netty.allocator.smallCacheSize: 256
2024-08-28 17:46:00 DEBUG PooledByteBufAllocator:171 - -Dio.netty.allocator.normalCacheSize: 64
2024-08-28 17:46:00 DEBUG PooledByteBufAllocator:172 - -Dio.netty.allocator.maxCachedBufferCapacity: 32768
2024-08-28 17:46:00 DEBUG PooledByteBufAllocator:173 - -Dio.netty.allocator.cacheTrimInterval: 8192
2024-08-28 17:46:00 DEBUG PooledByteBufAllocator:174 - -Dio.netty.allocator.cacheTrimIntervalMillis: 0
2024-08-28 17:46:00 DEBUG PooledByteBufAllocator:175 - -Dio.netty.allocator.useCacheForAllThreads: false
2024-08-28 17:46:00 DEBUG PooledByteBufAllocator:176 - -Dio.netty.allocator.maxCachedByteBuffersPerChunk: 1023
2024-08-28 17:46:00 DEBUG ByteBufUtil:89 - -Dio.netty.allocator.type: pooled
2024-08-28 17:46:00 DEBUG ByteBufUtil:98 - -Dio.netty.threadLocalDirectBufferSize: 0
2024-08-28 17:46:00 DEBUG ByteBufUtil:101 - -Dio.netty.maxThreadLocalCharBufferSize: 16384
2024-08-28 17:46:01 DEBUG DefaultChannelId:79 - -Dio.netty.processId: 15804 (auto-detected)
2024-08-28 17:46:01 DEBUG NetUtil:148 - -Djava.net.preferIPv4Stack: false
2024-08-28 17:46:01 DEBUG NetUtil:149 - -Djava.net.preferIPv6Addresses: false
2024-08-28 17:46:01 DEBUG NetUtilInitializations:145 - Loopback interface: lo (Software Loopback Interface 1, 127.0.0.1)
2024-08-28 17:46:01 DEBUG NetUtil:206 - Failed to get SOMAXCONN from sysctl and file \proc\sys\net\core\somaxconn. Default: 200
2024-08-28 17:46:01 DEBUG DefaultChannelId:101 - -Dio.netty.machineId: 74:70:fd:ff:fe:e3:6e:9e (auto-detected)
2024-08-28 17:46:01 DEBUG AbstractByteBuf:63 - -Dio.netty.buffer.checkAccessible: true
2024-08-28 17:46:01 DEBUG AbstractByteBuf:64 - -Dio.netty.buffer.checkBounds: true
2024-08-28 17:46:01 DEBUG ResourceLeakDetectorFactory:196 - Loaded default ResourceLeakDetector: io.netty.util.ResourceLeakDetector@d44ef5d
2024-08-28 17:46:01 DEBUG Recycler:96 - -Dio.netty.recycler.maxCapacityPerThread: 4096
2024-08-28 17:46:01 DEBUG Recycler:97 - -Dio.netty.recycler.ratio: 8
2024-08-28 17:46:01 DEBUG Recycler:98 - -Dio.netty.recycler.chunkSize: 32
2024-08-28 17:46:01 DEBUG Recycler:99 - -Dio.netty.recycler.blocking: false
2024-08-28 17:46:01 DEBUG Recycler:100 - -Dio.netty.recycler.batchFastThreadLocalOnly: true
2024-08-28 17:46:02 DEBUG Brotli:38 - brotli4j not in the classpath; Brotli support will be unavailable.
2024-08-28 17:46:02 DEBUG ThreadLocalRandom:214 - -Dio.netty.initialSeedUniquifier: 0x4f30d0d1120d1f30
2024-08-28 17:46:09 INFO  Login_Page:14 - ***TC_001_AccountRegistrationTest***
2024-08-28 17:46:09 INFO  Login_Page:18 - logging in to wensite
2024-08-28 17:46:10 INFO  Login_Page:29 - finish
2024-08-28 18:05:50 DEBUG InternalLoggerFactory:76 - Using Log4J2 as the default logging framework
2024-08-28 18:05:50 DEBUG ResourceLeakDetector:129 - -Dio.netty.leakDetection.level: simple
2024-08-28 18:05:50 DEBUG ResourceLeakDetector:130 - -Dio.netty.leakDetection.targetRecords: 4
2024-08-28 18:05:50 DEBUG ResourceLeakDetectorFactory:196 - Loaded default ResourceLeakDetector: io.netty.util.ResourceLeakDetector@3122b117
2024-08-28 18:05:50 DEBUG PlatformDependent0:497 - -Dio.netty.noUnsafe: false
2024-08-28 18:05:50 DEBUG PlatformDependent0:1001 - Java version: 18
2024-08-28 18:05:50 DEBUG PlatformDependent0:137 - sun.misc.Unsafe.theUnsafe: available
2024-08-28 18:05:50 DEBUG PlatformDependent0:161 - sun.misc.Unsafe.copyMemory: available
2024-08-28 18:05:50 DEBUG PlatformDependent0:193 - sun.misc.Unsafe.storeFence: available
2024-08-28 18:05:50 DEBUG PlatformDependent0:236 - java.nio.Buffer.address: available
2024-08-28 18:05:50 DEBUG PlatformDependent0:321 - direct buffer constructor: unavailable: Reflective setAccessible(true) disabled
2024-08-28 18:05:50 DEBUG PlatformDependent0:386 - java.nio.Bits.unaligned: available, true
2024-08-28 18:05:50 DEBUG PlatformDependent0:453 - jdk.internal.misc.Unsafe.allocateUninitializedArray(int): unavailable: class io.netty.util.internal.PlatformDependent0$7 cannot access class jdk.internal.misc.Unsafe (in module java.base) because module java.base does not export jdk.internal.misc to unnamed module @20d28811
2024-08-28 18:05:50 DEBUG PlatformDependent0:483 - java.nio.DirectByteBuffer.<init>(long, {int,long}): unavailable
2024-08-28 18:05:50 DEBUG PlatformDependent:1159 - sun.misc.Unsafe: available
2024-08-28 18:05:50 DEBUG PlatformDependent:1270 - maxDirectMemory: 3193962496 bytes (maybe)
2024-08-28 18:05:50 DEBUG PlatformDependent:1289 - -Dio.netty.tmpdir: C:\Users\Admin\AppData\Local\Temp (java.io.tmpdir)
2024-08-28 18:05:50 DEBUG PlatformDependent:1368 - -Dio.netty.bitMode: 64 (sun.arch.data.model)
2024-08-28 18:05:50 DEBUG PlatformDependent:1119 - Platform: Windows
2024-08-28 18:05:50 DEBUG PlatformDependent:178 - -Dio.netty.maxDirectMemory: -1 bytes
2024-08-28 18:05:50 DEBUG PlatformDependent:185 - -Dio.netty.uninitializedArrayAllocationThreshold: -1
2024-08-28 18:05:50 DEBUG CleanerJava9:71 - java.nio.ByteBuffer.cleaner(): available
2024-08-28 18:05:50 DEBUG PlatformDependent:205 - -Dio.netty.noPreferDirect: false
2024-08-28 18:05:50 DEBUG PlatformDependent:1010 - org.jctools-core.MpscChunkedArrayQueue: available
2024-08-28 18:05:50 DEBUG InternalThreadLocalMap:100 - -Dio.netty.threadLocalMap.stringBuilder.initialSize: 1024
2024-08-28 18:05:50 DEBUG InternalThreadLocalMap:101 - -Dio.netty.threadLocalMap.stringBuilder.maxSize: 4096
2024-08-28 18:05:50 DEBUG JdkSslContext:83 - Default protocols (JDK): [TLSv1.3, TLSv1.2] 
2024-08-28 18:05:50 DEBUG JdkSslContext:84 - Default cipher suites (JDK): [TLS_ECDHE_ECDSA_WITH_AES_256_GCM_SHA384, TLS_ECDHE_ECDSA_WITH_AES_128_GCM_SHA256, TLS_ECDHE_RSA_WITH_AES_128_GCM_SHA256, TLS_ECDHE_RSA_WITH_AES_256_GCM_SHA384, TLS_ECDHE_RSA_WITH_AES_128_CBC_SHA, TLS_ECDHE_RSA_WITH_AES_256_CBC_SHA, TLS_RSA_WITH_AES_128_GCM_SHA256, TLS_RSA_WITH_AES_128_CBC_SHA, TLS_RSA_WITH_AES_256_CBC_SHA, TLS_AES_128_GCM_SHA256, TLS_AES_256_GCM_SHA384]
2024-08-28 18:05:50 DEBUG GlobalEventExecutor:53 - -Dio.netty.globalEventExecutor.quietPeriodSeconds: 1
2024-08-28 18:05:50 DEBUG MultithreadEventLoopGroup:44 - -Dio.netty.eventLoopThreads: 8
2024-08-28 18:05:50 DEBUG NioEventLoop:110 - -Dio.netty.noKeySetOptimization: false
2024-08-28 18:05:50 DEBUG NioEventLoop:111 - -Dio.netty.selectorAutoRebuildThreshold: 512
2024-08-28 18:05:50 DEBUG PooledByteBufAllocator:157 - -Dio.netty.allocator.numHeapArenas: 8
2024-08-28 18:05:50 DEBUG PooledByteBufAllocator:158 - -Dio.netty.allocator.numDirectArenas: 8
2024-08-28 18:05:50 DEBUG PooledByteBufAllocator:160 - -Dio.netty.allocator.pageSize: 8192
2024-08-28 18:05:50 DEBUG PooledByteBufAllocator:165 - -Dio.netty.allocator.maxOrder: 9
2024-08-28 18:05:50 DEBUG PooledByteBufAllocator:169 - -Dio.netty.allocator.chunkSize: 4194304
2024-08-28 18:05:50 DEBUG PooledByteBufAllocator:170 - -Dio.netty.allocator.smallCacheSize: 256
2024-08-28 18:05:50 DEBUG PooledByteBufAllocator:171 - -Dio.netty.allocator.normalCacheSize: 64
2024-08-28 18:05:50 DEBUG PooledByteBufAllocator:172 - -Dio.netty.allocator.maxCachedBufferCapacity: 32768
2024-08-28 18:05:50 DEBUG PooledByteBufAllocator:173 - -Dio.netty.allocator.cacheTrimInterval: 8192
2024-08-28 18:05:50 DEBUG PooledByteBufAllocator:174 - -Dio.netty.allocator.cacheTrimIntervalMillis: 0
2024-08-28 18:05:50 DEBUG PooledByteBufAllocator:175 - -Dio.netty.allocator.useCacheForAllThreads: false
2024-08-28 18:05:50 DEBUG PooledByteBufAllocator:176 - -Dio.netty.allocator.maxCachedByteBuffersPerChunk: 1023
2024-08-28 18:05:50 DEBUG ByteBufUtil:89 - -Dio.netty.allocator.type: pooled
2024-08-28 18:05:50 DEBUG ByteBufUtil:98 - -Dio.netty.threadLocalDirectBufferSize: 0
2024-08-28 18:05:50 DEBUG ByteBufUtil:101 - -Dio.netty.maxThreadLocalCharBufferSize: 16384
2024-08-28 18:05:51 DEBUG DefaultChannelId:79 - -Dio.netty.processId: 18424 (auto-detected)
2024-08-28 18:05:51 DEBUG NetUtil:148 - -Djava.net.preferIPv4Stack: false
2024-08-28 18:05:51 DEBUG NetUtil:149 - -Djava.net.preferIPv6Addresses: false
2024-08-28 18:05:51 DEBUG NetUtilInitializations:145 - Loopback interface: lo (Software Loopback Interface 1, 127.0.0.1)
2024-08-28 18:05:51 DEBUG NetUtil:206 - Failed to get SOMAXCONN from sysctl and file \proc\sys\net\core\somaxconn. Default: 200
2024-08-28 18:05:51 DEBUG DefaultChannelId:101 - -Dio.netty.machineId: 74:70:fd:ff:fe:e3:6e:9e (auto-detected)
2024-08-28 18:05:51 DEBUG AbstractByteBuf:63 - -Dio.netty.buffer.checkAccessible: true
2024-08-28 18:05:51 DEBUG AbstractByteBuf:64 - -Dio.netty.buffer.checkBounds: true
2024-08-28 18:05:51 DEBUG ResourceLeakDetectorFactory:196 - Loaded default ResourceLeakDetector: io.netty.util.ResourceLeakDetector@6482a20a
2024-08-28 18:05:51 DEBUG Recycler:96 - -Dio.netty.recycler.maxCapacityPerThread: 4096
2024-08-28 18:05:51 DEBUG Recycler:97 - -Dio.netty.recycler.ratio: 8
2024-08-28 18:05:51 DEBUG Recycler:98 - -Dio.netty.recycler.chunkSize: 32
2024-08-28 18:05:51 DEBUG Recycler:99 - -Dio.netty.recycler.blocking: false
2024-08-28 18:05:51 DEBUG Recycler:100 - -Dio.netty.recycler.batchFastThreadLocalOnly: true
2024-08-28 18:05:52 DEBUG Brotli:38 - brotli4j not in the classpath; Brotli support will be unavailable.
2024-08-28 18:05:53 DEBUG ThreadLocalRandom:214 - -Dio.netty.initialSeedUniquifier: 0xbdb503abb4ee0ccb
2024-08-28 18:06:00 INFO  Login_Page:14 - ***TC_001_AccountRegistrationTest***
2024-08-28 18:06:00 INFO  Login_Page:18 - logging in to wensite
2024-08-28 18:06:03 INFO  Login_Page:29 - finish
